[debug] [2025-07-20T20:56:58.664Z] ----------------------------------------------------------------------
[debug] [2025-07-20T20:56:58.668Z] Command:       C:\Program Files\nodejs\node.exe C:\Users\ahmad\AppData\Roaming\npm\node_modules\firebase-tools\lib\bin\firebase.js init
[debug] [2025-07-20T20:56:58.668Z] CLI Version:   14.11.0
[debug] [2025-07-20T20:56:58.668Z] Platform:      win32
[debug] [2025-07-20T20:56:58.668Z] Node Version:  v22.13.1
[debug] [2025-07-20T20:56:58.669Z] Time:          Sun Jul 20 2025 23:56:58 GMT+0300 (GMT+03:00)
[debug] [2025-07-20T20:56:58.669Z] ----------------------------------------------------------------------
[debug] 
[debug] [2025-07-20T20:56:58.675Z] >>> [apiv2][query] GET https://firebase-public.firebaseio.com/cli.json [none]
[debug] [2025-07-20T20:56:58.774Z] > command requires scopes: ["email","openid","https://www.googleapis.com/auth/cloudplatformprojects.readonly","https://www.googleapis.com/auth/firebase","https://www.googleapis.com/auth/cloud-platform"]
[debug] [2025-07-20T20:56:58.775Z] > authorizing via signed-in user (ahmadl.qatu@gmail.com)
[info] 
     ######## #### ########  ######## ########     ###     ######  ########
     ##        ##  ##     ## ##       ##     ##  ##   ##  ##       ##
     ######    ##  ########  ######   ########  #########  ######  ######
     ##        ##  ##    ##  ##       ##     ## ##     ##       ## ##
     ##       #### ##     ## ######## ########  ##     ##  ######  ########

You're about to initialize a Firebase project in this directory:

  D:\Alameen_dev\portfolio-website

[debug] [2025-07-20T20:56:59.206Z] <<< [apiv2][status] GET https://firebase-public.firebaseio.com/cli.json 200
[debug] [2025-07-20T20:56:59.206Z] <<< [apiv2][body] GET https://firebase-public.firebaseio.com/cli.json {"cloudBuildErrorAfter":1594252800000,"cloudBuildWarnAfter":1590019200000,"defaultNode10After":1594252800000,"minVersion":"3.0.5","node8DeploysDisabledAfter":1613390400000,"node8RuntimeDisabledAfter":1615809600000,"node8WarnAfter":1600128000000}
[info] 
=== Project Setup
[info] 
[info] First, let's associate this project directory with a Firebase project.
[info] You can create multiple project aliases by running firebase use --add, 
[info] but for now we'll just set up a default project.
[info] 
[debug] [2025-07-20T21:04:32.794Z] Checked if tokens are valid: false, expires at: 1699201616913
[debug] [2025-07-20T21:04:32.794Z] Checked if tokens are valid: false, expires at: 1699201616913
[debug] [2025-07-20T21:04:32.795Z] > refreshing access token with scopes: []
[debug] [2025-07-20T21:04:32.796Z] >>> [apiv2][query] POST https://www.googleapis.com/oauth2/v3/token [none]
[debug] [2025-07-20T21:04:32.796Z] >>> [apiv2][body] POST https://www.googleapis.com/oauth2/v3/token [omitted]
[debug] [2025-07-20T21:04:33.148Z] <<< [apiv2][status] POST https://www.googleapis.com/oauth2/v3/token 400
[debug] [2025-07-20T21:04:33.148Z] <<< [apiv2][body] POST https://www.googleapis.com/oauth2/v3/token [omitted]
[debug] [2025-07-20T21:04:33.151Z] >>> [apiv2][query] GET https://firebase.googleapis.com/v1beta1/projects pageSize=100
[debug] [2025-07-20T21:04:33.443Z] <<< [apiv2][status] GET https://firebase.googleapis.com/v1beta1/projects 401
[debug] [2025-07-20T21:04:33.443Z] <<< [apiv2][body] GET https://firebase.googleapis.com/v1beta1/projects [omitted]
[debug] [2025-07-20T21:04:33.443Z] Got a 401 Unauthenticated error for a call that required authentication. Refreshing tokens.
[debug] [2025-07-20T21:04:33.443Z] Checked if tokens are valid: false, expires at: 1699201616913
[debug] [2025-07-20T21:04:33.443Z] Checked if tokens are valid: false, expires at: 1699201616913
[debug] [2025-07-20T21:04:33.443Z] > refreshing access token with scopes: []
[debug] [2025-07-20T21:04:33.445Z] >>> [apiv2][query] POST https://www.googleapis.com/oauth2/v3/token [none]
[debug] [2025-07-20T21:04:33.445Z] >>> [apiv2][body] POST https://www.googleapis.com/oauth2/v3/token [omitted]
[debug] [2025-07-20T21:04:33.548Z] <<< [apiv2][status] POST https://www.googleapis.com/oauth2/v3/token 400
[debug] [2025-07-20T21:04:33.548Z] <<< [apiv2][body] POST https://www.googleapis.com/oauth2/v3/token [omitted]
[debug] [2025-07-20T21:04:33.550Z] Request to https://firebase.googleapis.com/v1beta1/projects?pageSize=100 had HTTP Error: 401, Request had invalid authentication credentials. Expected OAuth 2 access token, login cookie or other valid authentication credential. See https://developers.google.com/identity/sign-in/web/devconsole-project.
[debug] [2025-07-20T21:04:33.866Z] FirebaseError: Request to https://firebase.googleapis.com/v1beta1/projects?pageSize=100 had HTTP Error: 401, Request had invalid authentication credentials. Expected OAuth 2 access token, login cookie or other valid authentication credential. See https://developers.google.com/identity/sign-in/web/devconsole-project.
    at responseToError (C:\Users\ahmad\AppData\Roaming\npm\node_modules\firebase-tools\lib\responseToError.js:52:12)
    at RetryOperation._fn (C:\Users\ahmad\AppData\Roaming\npm\node_modules\firebase-tools\lib\apiv2.js:312:77)
    at process.processTicksAndRejections (node:internal/process/task_queues:105:5)
[error] 
[error] Error: Failed to list Firebase projects. See firebase-debug.log for more info.
